Using pre-set license
Built from '2020.2/release' branch; Version is '2020.2.2f1 (068178b99f32) revision 426360'; Using compiler version '192528614'; Build Type 'Release'
OS: 'Windows 10 Pro; OS build 19042.867; Version 2009; 64bit' Language: 'en' Physical Memory: 16331 MB
BatchMode: 1, IsHumanControllingUs: 0, StartBugReporterOnCrash: 0, Is64bit: 1, IsPro: 0

 COMMAND LINE ARGUMENTS:
C:\Program Files\Unity\Hub\Editor\2020.2.2f1\Editor\Unity.exe
-adb2
-batchMode
-noUpm
-name
AssetImportWorker0
-projectPath
C:/Users/Matt/Desktop/Adventure Game Project Files/AdventureGame_PreEnemies
-logFile
Logs/AssetImportWorker0.log
-srvPort
63750
Successfully changed project path to: C:/Users/Matt/Desktop/Adventure Game Project Files/AdventureGame_PreEnemies
C:/Users/Matt/Desktop/Adventure Game Project Files/AdventureGame_PreEnemies
Using Asset Import Pipeline V2.
Refreshing native plugins compatible for Editor in 28.45 ms, found 0 plugins.
Preloading 0 native plugins for Editor in 0.00 ms.
Initialize engine version: 2020.2.2f1 (068178b99f32)
[Subsystems] Discovering subsystems at path C:/Program Files/Unity/Hub/Editor/2020.2.2f1/Editor/Data/Resources/UnitySubsystems
[Subsystems] Discovering subsystems at path C:/Users/Matt/Desktop/Adventure Game Project Files/AdventureGame_PreEnemies/Assets
GfxDevice: creating device client; threaded=0
Direct3D:
    Version:  Direct3D 11.0 [level 11.1]
    Renderer: NVIDIA GeForce GTX 1060 6GB (ID=0x1c03)
    Vendor:   
    VRAM:     6052 MB
    Driver:   27.21.14.6109
Initialize mono
Mono path[0] = 'C:/Program Files/Unity/Hub/Editor/2020.2.2f1/Editor/Data/Managed'
Mono path[1] = 'C:/Program Files/Unity/Hub/Editor/2020.2.2f1/Editor/Data/MonoBleedingEdge/lib/mono/unityjit'
Mono config path = 'C:/Program Files/Unity/Hub/Editor/2020.2.2f1/Editor/Data/MonoBleedingEdge/etc'
Using monoOptions --debugger-agent=transport=dt_socket,embedding=1,server=y,suspend=n,address=127.0.0.1:56116
Begin MonoManager ReloadAssembly
Registering precompiled unity dll's ...
Register platform support module: C:/Program Files/Unity/Hub/Editor/2020.2.2f1/Editor/Data/PlaybackEngines/WebGLSupport/UnityEditor.WebGL.Extensions.dll
Register platform support module: C:/Program Files/Unity/Hub/Editor/2020.2.2f1/Editor/Data/PlaybackEngines/WindowsStandaloneSupport/UnityEditor.WindowsStandalone.Extensions.dll
Registered in 0.002653 seconds.
Native extension for WindowsStandalone target not found
Native extension for WebGL target not found
Refreshing native plugins compatible for Editor in 28.42 ms, found 0 plugins.
Preloading 0 native plugins for Editor in 0.00 ms.
Invoked RoslynAnalysisRunner static constructor.
RoslynAnalysisRunner will not be running.
RoslynAnalysisRunner has terminated.
Mono: successfully reloaded assembly
- Completed reload, in  1.298 seconds
Platform modules already initialized, skipping
Registering precompiled user dll's ...
Registered in 0.000799 seconds.
Begin MonoManager ReloadAssembly
Native extension for WindowsStandalone target not found
Native extension for WebGL target not found
Refreshing native plugins compatible for Editor in 28.49 ms, found 0 plugins.
Preloading 0 native plugins for Editor in 0.00 ms.
Invoked RoslynAnalysisRunner static constructor.
RoslynAnalysisRunner will not be running.
RoslynAnalysisRunner has terminated.
Mono: successfully reloaded assembly
- Completed reload, in  0.975 seconds
Platform modules already initialized, skipping
========================================================================
Worker process is ready to serve import requests
Launched and connected shader compiler UnityShaderCompiler.exe after 0.05 seconds
Refreshing native plugins compatible for Editor in 0.23 ms, found 0 plugins.
Preloading 0 native plugins for Editor in 0.00 ms.
Unloading 1449 Unused Serialized files (Serialized files now loaded: 0)
System memory in use before: 69.2 MB.
System memory in use after: 69.2 MB.

Unloading 12 unused Assets to reduce memory usage. Loaded Objects now: 1894.
Total: 2.033300 ms (FindLiveObjects: 0.173900 ms CreateObjectMapping: 0.035200 ms MarkObjects: 1.751200 ms  DeleteObjects: 0.071600 ms)

========================================================================
Received Import Request.
  path: Assets/Art/Sprites/Slime.aseprite
  artifactKey: Guid(96f4db8c89da3d944a0adbf7b869ed78) Importer(815301076,1909f56bfc062723c751e8b465ee728b)
Start importing Assets/Art/Sprites/Slime.aseprite using Guid(96f4db8c89da3d944a0adbf7b869ed78) Importer(815301076,1909f56bfc062723c751e8b465ee728b)  -> (artifact id: 'f2d9c4f2c005d7793bc737594a1cf9e2') in 0.034961 seconds
  Import took 0.037647 seconds .

========================================================================
Received Import Request.
  Time since last request: 14.256153 seconds.
  path: Assets/Art/Sprites/Slime.png
  artifactKey: Guid(3d9a6c7d694570d4783e899587deb92a) Importer(815301076,1909f56bfc062723c751e8b465ee728b)
Start importing Assets/Art/Sprites/Slime.png using Guid(3d9a6c7d694570d4783e899587deb92a) Importer(815301076,1909f56bfc062723c751e8b465ee728b)  -> (artifact id: '90e57c3fb26933f401f7ba6e057b3712') in 0.092913 seconds
  Import took 0.095885 seconds .

========================================================================
Received Import Request.
  Time since last request: 262.396824 seconds.
  path: Assets/Scripts/MonoSingleton.cs
  artifactKey: Guid(4e198f0c0259d82448e1603d699b106a) Importer(815301076,1909f56bfc062723c751e8b465ee728b)
Start importing Assets/Scripts/MonoSingleton.cs using Guid(4e198f0c0259d82448e1603d699b106a) Importer(815301076,1909f56bfc062723c751e8b465ee728b)  -> (artifact id: '4c6b93c7b4b11095d5c533dd63c18dc8') in 0.086444 seconds
  Import took 0.089121 seconds .

========================================================================
Received Prepare
Registering precompiled user dll's ...
Registered in 0.000733 seconds.
Begin MonoManager ReloadAssembly
Native extension for WindowsStandalone target not found
Native extension for WebGL target not found
Refreshing native plugins compatible for Editor in 0.32 ms, found 0 plugins.
Preloading 0 native plugins for Editor in 0.00 ms.
Invoked RoslynAnalysisRunner static constructor.
RoslynAnalysisRunner will not be running.
RoslynAnalysisRunner has terminated.
Mono: successfully reloaded assembly
- Completed reload, in  0.946 seconds
Platform modules already initialized, skipping
Refreshing native plugins compatible for Editor in 0.27 ms, found 0 plugins.
Preloading 0 native plugins for Editor in 0.00 ms.
Unloading 1445 Unused Serialized files (Serialized files now loaded: 0)
System memory in use before: 69.5 MB.
System memory in use after: 69.6 MB.

Unloading 5 unused Assets to reduce memory usage. Loaded Objects now: 1899.
Total: 1.685900 ms (FindLiveObjects: 0.153800 ms CreateObjectMapping: 0.033700 ms MarkObjects: 1.453100 ms  DeleteObjects: 0.044600 ms)

========================================================================
Received Import Request.
  Time since last request: 169.257706 seconds.
  path: Assets/Scripts/GameController.cs
  artifactKey: Guid(48a5a851f5798f94cbadef195c92e3c3) Importer(815301076,1909f56bfc062723c751e8b465ee728b)
Start importing Assets/Scripts/GameController.cs using Guid(48a5a851f5798f94cbadef195c92e3c3) Importer(815301076,1909f56bfc062723c751e8b465ee728b)  -> (artifact id: '8912f81d877560235d5ec6de313d4ed8') in 0.006269 seconds
  Import took 0.009129 seconds .

========================================================================
Received Prepare
Registering precompiled user dll's ...
Registered in 0.000820 seconds.
Begin MonoManager ReloadAssembly
Native extension for WindowsStandalone target not found
Native extension for WebGL target not found
Refreshing native plugins compatible for Editor in 0.32 ms, found 0 plugins.
Preloading 0 native plugins for Editor in 0.00 ms.
Invoked RoslynAnalysisRunner static constructor.
RoslynAnalysisRunner will not be running.
RoslynAnalysisRunner has terminated.
Mono: successfully reloaded assembly
- Completed reload, in  0.888 seconds
Platform modules already initialized, skipping
Refreshing native plugins compatible for Editor in 0.24 ms, found 0 plugins.
Preloading 0 native plugins for Editor in 0.00 ms.
Unloading 1445 Unused Serialized files (Serialized files now loaded: 0)
System memory in use before: 69.7 MB.
System memory in use after: 69.8 MB.

Unloading 5 unused Assets to reduce memory usage. Loaded Objects now: 1901.
Total: 2.785100 ms (FindLiveObjects: 0.251100 ms CreateObjectMapping: 0.056300 ms MarkObjects: 2.418700 ms  DeleteObjects: 0.057400 ms)

========================================================================
Received Import Request.
  Time since last request: 23.645509 seconds.
  path: Assets/Scripts/GameController.cs
  artifactKey: Guid(48a5a851f5798f94cbadef195c92e3c3) Importer(815301076,1909f56bfc062723c751e8b465ee728b)
Start importing Assets/Scripts/GameController.cs using Guid(48a5a851f5798f94cbadef195c92e3c3) Importer(815301076,1909f56bfc062723c751e8b465ee728b)  -> (artifact id: '0440d79d52bb7cac2c5e0474a7ba207e') in 0.005746 seconds
  Import took 0.008492 seconds .

========================================================================
Received Import Request.
  Time since last request: 107.652768 seconds.
  path: Assets/Scripts/DungeonController.cs
  artifactKey: Guid(f1cda7da486d1c043a83dff8d9acf961) Importer(815301076,1909f56bfc062723c751e8b465ee728b)
Start importing Assets/Scripts/DungeonController.cs using Guid(f1cda7da486d1c043a83dff8d9acf961) Importer(815301076,1909f56bfc062723c751e8b465ee728b)  -> (artifact id: '15e249a9eeab88212ace79505a3736f3') in 0.003303 seconds
  Import took 0.005965 seconds .

========================================================================
Received Import Request.
  Time since last request: 0.000280 seconds.
  path: Assets/Scripts/DungeonController.cs
  artifactKey: Guid(f1cda7da486d1c043a83dff8d9acf961) Importer(815301076,1909f56bfc062723c751e8b465ee728b)
Start importing Assets/Scripts/DungeonController.cs using Guid(f1cda7da486d1c043a83dff8d9acf961) Importer(815301076,1909f56bfc062723c751e8b465ee728b)  -> (artifact id: '15e249a9eeab88212ace79505a3736f3') in 0.002586 seconds
  Import took 0.004774 seconds .

========================================================================
Received Import Request.
  Time since last request: 0.030978 seconds.
  path: Assets/Scripts/DungeonController.cs
  artifactKey: Guid(f1cda7da486d1c043a83dff8d9acf961) Importer(815301076,1909f56bfc062723c751e8b465ee728b)
Start importing Assets/Scripts/DungeonController.cs using Guid(f1cda7da486d1c043a83dff8d9acf961) Importer(815301076,1909f56bfc062723c751e8b465ee728b)  -> (artifact id: '15e249a9eeab88212ace79505a3736f3') in 0.002620 seconds
  Import took 0.004801 seconds .

========================================================================
Received Prepare
Registering precompiled user dll's ...
Registered in 0.000796 seconds.
Begin MonoManager ReloadAssembly
Native extension for WindowsStandalone target not found
Native extension for WebGL target not found
Refreshing native plugins compatible for Editor in 0.23 ms, found 0 plugins.
Preloading 0 native plugins for Editor in 0.00 ms.
Invoked RoslynAnalysisRunner static constructor.
RoslynAnalysisRunner will not be running.
RoslynAnalysisRunner has terminated.
Mono: successfully reloaded assembly
- Completed reload, in  0.970 seconds
Platform modules already initialized, skipping
Refreshing native plugins compatible for Editor in 0.22 ms, found 0 plugins.
Preloading 0 native plugins for Editor in 0.00 ms.
Unloading 1445 Unused Serialized files (Serialized files now loaded: 0)
System memory in use before: 69.9 MB.
System memory in use after: 70.0 MB.

Unloading 5 unused Assets to reduce memory usage. Loaded Objects now: 1903.
Total: 1.819600 ms (FindLiveObjects: 0.156000 ms CreateObjectMapping: 0.031900 ms MarkObjects: 1.579600 ms  DeleteObjects: 0.051200 ms)

========================================================================
Received Import Request.
  Time since last request: 540.292890 seconds.
  path: Assets/Scripts/DungeonController.cs
  artifactKey: Guid(f1cda7da486d1c043a83dff8d9acf961) Importer(815301076,1909f56bfc062723c751e8b465ee728b)
Start importing Assets/Scripts/DungeonController.cs using Guid(f1cda7da486d1c043a83dff8d9acf961) Importer(815301076,1909f56bfc062723c751e8b465ee728b)  -> (artifact id: 'b20d1273c31a49b2d6cb3dba0fe2cf5c') in 0.005406 seconds
  Import took 0.016233 seconds .

========================================================================
Received Import Request.
  Time since last request: 420.737465 seconds.
  path: Assets/Scripts/GameController.cs
  artifactKey: Guid(48a5a851f5798f94cbadef195c92e3c3) Importer(815301076,1909f56bfc062723c751e8b465ee728b)
Start importing Assets/Scripts/GameController.cs using Guid(48a5a851f5798f94cbadef195c92e3c3) Importer(815301076,1909f56bfc062723c751e8b465ee728b)  -> (artifact id: '1e7c6d30d617677488c4851a2eef9b62') in 0.002794 seconds
  Import took 0.006785 seconds .

========================================================================
Received Import Request.
  Time since last request: 1.600501 seconds.
  path: Assets/Scripts/Tile.cs
  artifactKey: Guid(09af6bb9375e443478892f2631308d60) Importer(815301076,1909f56bfc062723c751e8b465ee728b)
Start importing Assets/Scripts/Tile.cs using Guid(09af6bb9375e443478892f2631308d60) Importer(815301076,1909f56bfc062723c751e8b465ee728b)  -> (artifact id: 'b978a7ebc4a6ad4da0276e61fc4b9c96') in 0.003613 seconds
  Import took 0.073471 seconds .

========================================================================
Received Import Request.
  Time since last request: 42.716395 seconds.
  path: Assets/Scripts/MapObject.cs
  artifactKey: Guid(40770ae1f35724f49958381c4f336e8f) Importer(815301076,1909f56bfc062723c751e8b465ee728b)
Start importing Assets/Scripts/MapObject.cs using Guid(40770ae1f35724f49958381c4f336e8f) Importer(815301076,1909f56bfc062723c751e8b465ee728b)  -> (artifact id: '7c873692e5f764bd9d66beae7160eb49') in 0.004247 seconds
  Import took 0.045565 seconds .

========================================================================
Received Prepare
Registering precompiled user dll's ...
Registered in 0.000805 seconds.
Begin MonoManager ReloadAssembly
Native extension for WindowsStandalone target not found
Native extension for WebGL target not found
Refreshing native plugins compatible for Editor in 0.51 ms, found 0 plugins.
Preloading 0 native plugins for Editor in 0.00 ms.
Invoked RoslynAnalysisRunner static constructor.
RoslynAnalysisRunner will not be running.
RoslynAnalysisRunner has terminated.
Mono: successfully reloaded assembly
- Completed reload, in  1.098 seconds
Platform modules already initialized, skipping
Refreshing native plugins compatible for Editor in 0.25 ms, found 0 plugins.
Preloading 0 native plugins for Editor in 0.00 ms.
Unloading 1446 Unused Serialized files (Serialized files now loaded: 0)
System memory in use before: 70.1 MB.
System memory in use after: 70.2 MB.

Unloading 5 unused Assets to reduce memory usage. Loaded Objects now: 1906.
Total: 2.332500 ms (FindLiveObjects: 0.234000 ms CreateObjectMapping: 0.036400 ms MarkObjects: 2.000400 ms  DeleteObjects: 0.060500 ms)

========================================================================
Received Import Request.
  Time since last request: 283.559071 seconds.
  path: Assets/Scripts/MapObject.cs
  artifactKey: Guid(40770ae1f35724f49958381c4f336e8f) Importer(815301076,1909f56bfc062723c751e8b465ee728b)
Start importing Assets/Scripts/MapObject.cs using Guid(40770ae1f35724f49958381c4f336e8f) Importer(815301076,1909f56bfc062723c751e8b465ee728b)  -> (artifact id: '46d6ec793f23d27841aad262f252bb93') in 0.006733 seconds
  Import took 0.009572 seconds .

========================================================================
Received Import Request.
  Time since last request: 555.736188 seconds.
  path: Assets/Scripts/Door.cs
  artifactKey: Guid(7e6517ffbe02bfb4998ccc81eb2de0ae) Importer(815301076,1909f56bfc062723c751e8b465ee728b)
Start importing Assets/Scripts/Door.cs using Guid(7e6517ffbe02bfb4998ccc81eb2de0ae) Importer(815301076,1909f56bfc062723c751e8b465ee728b)  -> (artifact id: '0dff29b2a304647caac6972760e6f735') in 0.002994 seconds
  Import took 0.005842 seconds .

========================================================================
Received Import Request.
  Time since last request: 0.000550 seconds.
  path: Assets/Scripts/Door.cs
  artifactKey: Guid(7e6517ffbe02bfb4998ccc81eb2de0ae) Importer(815301076,1909f56bfc062723c751e8b465ee728b)
Start importing Assets/Scripts/Door.cs using Guid(7e6517ffbe02bfb4998ccc81eb2de0ae) Importer(815301076,1909f56bfc062723c751e8b465ee728b)  -> (artifact id: '0dff29b2a304647caac6972760e6f735') in 0.003152 seconds
  Import took 0.005472 seconds .

========================================================================
Received Import Request.
  Time since last request: 1869.306379 seconds.
  path: Assets/Scripts/Door.cs
  artifactKey: Guid(7e6517ffbe02bfb4998ccc81eb2de0ae) Importer(815301076,1909f56bfc062723c751e8b465ee728b)
Start importing Assets/Scripts/Door.cs using Guid(7e6517ffbe02bfb4998ccc81eb2de0ae) Importer(815301076,1909f56bfc062723c751e8b465ee728b)  -> (artifact id: 'a3dc6293fca5b60cbeb103886debde27') in 0.003355 seconds
  Import took 0.006576 seconds .

========================================================================
Received Prepare
Registering precompiled user dll's ...
Registered in 0.004077 seconds.
Begin MonoManager ReloadAssembly
Native extension for WindowsStandalone target not found
Native extension for WebGL target not found
Refreshing native plugins compatible for Editor in 0.63 ms, found 0 plugins.
Preloading 0 native plugins for Editor in 0.00 ms.
Invoked RoslynAnalysisRunner static constructor.
RoslynAnalysisRunner will not be running.
RoslynAnalysisRunner has terminated.
Mono: successfully reloaded assembly
- Completed reload, in  2.672 seconds
Platform modules already initialized, skipping
Refreshing native plugins compatible for Editor in 1.02 ms, found 0 plugins.
Preloading 0 native plugins for Editor in 0.00 ms.
Unloading 1446 Unused Serialized files (Serialized files now loaded: 0)
System memory in use before: 70.3 MB.
System memory in use after: 70.3 MB.

Unloading 6 unused Assets to reduce memory usage. Loaded Objects now: 1908.
Total: 4.807500 ms (FindLiveObjects: 0.332600 ms CreateObjectMapping: 0.064200 ms MarkObjects: 4.220000 ms  DeleteObjects: 0.187100 ms)

========================================================================
Received Import Request.
  Time since last request: 8613.725731 seconds.
  path: Assets/Scripts/DungeonController.cs
  artifactKey: Guid(f1cda7da486d1c043a83dff8d9acf961) Importer(815301076,1909f56bfc062723c751e8b465ee728b)
Start importing Assets/Scripts/DungeonController.cs using Guid(f1cda7da486d1c043a83dff8d9acf961) Importer(815301076,1909f56bfc062723c751e8b465ee728b)  -> (artifact id: 'c28709b729c2802e21e10213aa3a3e61') in 0.005927 seconds
  Import took 0.008826 seconds .

========================================================================
Received Import Request.
  Time since last request: 0.000325 seconds.
  path: Assets/Scripts/DungeonController.cs
  artifactKey: Guid(f1cda7da486d1c043a83dff8d9acf961) Importer(815301076,1909f56bfc062723c751e8b465ee728b)
Start importing Assets/Scripts/DungeonController.cs using Guid(f1cda7da486d1c043a83dff8d9acf961) Importer(815301076,1909f56bfc062723c751e8b465ee728b)  -> (artifact id: 'c28709b729c2802e21e10213aa3a3e61') in 0.002710 seconds
  Import took 0.004632 seconds .

========================================================================
Received Import Request.
  Time since last request: 5.752613 seconds.
  path: Assets/Scripts/Actor.cs
  artifactKey: Guid(53ef33d175b143948927eb4a962219f1) Importer(815301076,1909f56bfc062723c751e8b465ee728b)
Start importing Assets/Scripts/Actor.cs using Guid(53ef33d175b143948927eb4a962219f1) Importer(815301076,1909f56bfc062723c751e8b465ee728b)  -> (artifact id: 'fc150b0f365f2d2b9efae18cfd33dc61') in 0.003422 seconds
  Import took 0.005919 seconds .

========================================================================
Received Prepare
Registering precompiled user dll's ...
Registered in 0.000774 seconds.
Begin MonoManager ReloadAssembly
Native extension for WindowsStandalone target not found
Native extension for WebGL target not found
Refreshing native plugins compatible for Editor in 0.26 ms, found 0 plugins.
Preloading 0 native plugins for Editor in 0.00 ms.
Invoked RoslynAnalysisRunner static constructor.
RoslynAnalysisRunner will not be running.
RoslynAnalysisRunner has terminated.
Mono: successfully reloaded assembly
- Completed reload, in  0.915 seconds
Platform modules already initialized, skipping
Refreshing native plugins compatible for Editor in 0.24 ms, found 0 plugins.
Preloading 0 native plugins for Editor in 0.00 ms.
Unloading 1447 Unused Serialized files (Serialized files now loaded: 0)
System memory in use before: 70.3 MB.
System memory in use after: 70.4 MB.

Unloading 5 unused Assets to reduce memory usage. Loaded Objects now: 1911.
Total: 1.913600 ms (FindLiveObjects: 0.166900 ms CreateObjectMapping: 0.031700 ms MarkObjects: 1.663200 ms  DeleteObjects: 0.050500 ms)

========================================================================
Received Prepare
Registering precompiled user dll's ...
Registered in 0.000810 seconds.
Begin MonoManager ReloadAssembly
Native extension for WindowsStandalone target not found
Native extension for WebGL target not found
Refreshing native plugins compatible for Editor in 0.27 ms, found 0 plugins.
Preloading 0 native plugins for Editor in 0.00 ms.
Invoked RoslynAnalysisRunner static constructor.
RoslynAnalysisRunner will not be running.
RoslynAnalysisRunner has terminated.
Mono: successfully reloaded assembly
- Completed reload, in  0.947 seconds
Platform modules already initialized, skipping
Refreshing native plugins compatible for Editor in 0.23 ms, found 0 plugins.
Preloading 0 native plugins for Editor in 0.00 ms.
Unloading 1447 Unused Serialized files (Serialized files now loaded: 0)
System memory in use before: 70.6 MB.
System memory in use after: 70.7 MB.

Unloading 5 unused Assets to reduce memory usage. Loaded Objects now: 1913.
Total: 2.008100 ms (FindLiveObjects: 0.219500 ms CreateObjectMapping: 0.033200 ms MarkObjects: 1.705100 ms  DeleteObjects: 0.049200 ms)

========================================================================
Received Import Request.
  Time since last request: 1942.449242 seconds.
  path: Assets/Scripts/Actor.cs
  artifactKey: Guid(53ef33d175b143948927eb4a962219f1) Importer(815301076,1909f56bfc062723c751e8b465ee728b)
Start importing Assets/Scripts/Actor.cs using Guid(53ef33d175b143948927eb4a962219f1) Importer(815301076,1909f56bfc062723c751e8b465ee728b)  -> (artifact id: 'd527ca89ee2cdca7e45dbb7c810f732d') in 0.005675 seconds
  Import took 0.065117 seconds .

========================================================================
Received Import Request.
  Time since last request: 599.003184 seconds.
  path: Assets/Scripts/Floor.cs
  artifactKey: Guid(cb11e2009bc2ceb438c7f7a00421abb2) Importer(815301076,1909f56bfc062723c751e8b465ee728b)
Start importing Assets/Scripts/Floor.cs using Guid(cb11e2009bc2ceb438c7f7a00421abb2) Importer(815301076,1909f56bfc062723c751e8b465ee728b)  -> (artifact id: '2b3cee7216ba5f6ab6fdd6dadd9b4b54') in 0.003571 seconds
  Import took 0.005860 seconds .

========================================================================
Received Import Request.
  Time since last request: 0.000575 seconds.
  path: Assets/Scripts/Floor.cs
  artifactKey: Guid(cb11e2009bc2ceb438c7f7a00421abb2) Importer(815301076,1909f56bfc062723c751e8b465ee728b)
Start importing Assets/Scripts/Floor.cs using Guid(cb11e2009bc2ceb438c7f7a00421abb2) Importer(815301076,1909f56bfc062723c751e8b465ee728b)  -> (artifact id: '2b3cee7216ba5f6ab6fdd6dadd9b4b54') in 0.003012 seconds
  Import took 0.005023 seconds .

========================================================================
Received Import Request.
  Time since last request: 8.059219 seconds.
  path: Assets/Scripts/MonsterPrototype.cs
  artifactKey: Guid(699e7fdcd67df38499569397ea104d5c) Importer(815301076,1909f56bfc062723c751e8b465ee728b)
Start importing Assets/Scripts/MonsterPrototype.cs using Guid(699e7fdcd67df38499569397ea104d5c) Importer(815301076,1909f56bfc062723c751e8b465ee728b)  -> (artifact id: 'd1d757c7cbe5daff1f545ea262eb2ec5') in 0.057519 seconds
  Import took 0.210307 seconds .

========================================================================
Received Prepare
Registering precompiled user dll's ...
Registered in 0.000776 seconds.
Begin MonoManager ReloadAssembly
Native extension for WindowsStandalone target not found
Native extension for WebGL target not found
Refreshing native plugins compatible for Editor in 0.29 ms, found 0 plugins.
Preloading 0 native plugins for Editor in 0.00 ms.
Invoked RoslynAnalysisRunner static constructor.
RoslynAnalysisRunner will not be running.
RoslynAnalysisRunner has terminated.
Mono: successfully reloaded assembly
- Completed reload, in  0.999 seconds
Platform modules already initialized, skipping
Refreshing native plugins compatible for Editor in 0.31 ms, found 0 plugins.
Preloading 0 native plugins for Editor in 0.00 ms.
Unloading 1448 Unused Serialized files (Serialized files now loaded: 0)
System memory in use before: 70.8 MB.
System memory in use after: 70.9 MB.

Unloading 5 unused Assets to reduce memory usage. Loaded Objects now: 1916.
Total: 1.916400 ms (FindLiveObjects: 0.160500 ms CreateObjectMapping: 0.032600 ms MarkObjects: 1.671200 ms  DeleteObjects: 0.051100 ms)

========================================================================
Received Prepare
Registering precompiled user dll's ...
Registered in 0.000891 seconds.
Begin MonoManager ReloadAssembly
Native extension for WindowsStandalone target not found
Native extension for WebGL target not found
Refreshing native plugins compatible for Editor in 0.23 ms, found 0 plugins.
Preloading 0 native plugins for Editor in 0.00 ms.
Invoked RoslynAnalysisRunner static constructor.
RoslynAnalysisRunner will not be running.
RoslynAnalysisRunner has terminated.
Mono: successfully reloaded assembly
- Completed reload, in  0.887 seconds
Platform modules already initialized, skipping
Refreshing native plugins compatible for Editor in 0.26 ms, found 0 plugins.
Preloading 0 native plugins for Editor in 0.00 ms.
Unloading 1448 Unused Serialized files (Serialized files now loaded: 0)
System memory in use before: 71.0 MB.
System memory in use after: 71.1 MB.

Unloading 5 unused Assets to reduce memory usage. Loaded Objects now: 1918.
Total: 2.136100 ms (FindLiveObjects: 0.150300 ms CreateObjectMapping: 0.032900 ms MarkObjects: 1.901100 ms  DeleteObjects: 0.050600 ms)

========================================================================
Received Import Request.
  Time since last request: 163.578342 seconds.
  path: Assets/Scripts/MonsterPrototype.cs
  artifactKey: Guid(699e7fdcd67df38499569397ea104d5c) Importer(815301076,1909f56bfc062723c751e8b465ee728b)
Start importing Assets/Scripts/MonsterPrototype.cs using Guid(699e7fdcd67df38499569397ea104d5c) Importer(815301076,1909f56bfc062723c751e8b465ee728b)  -> (artifact id: 'd6c44629c7804a485b9b34a91dc17048') in 0.005378 seconds
  Import took 0.007532 seconds .

========================================================================
Received Import Request.
  Time since last request: 1.419688 seconds.
  path: Assets/Scripts/MonoSingleton.cs
  artifactKey: Guid(4e198f0c0259d82448e1603d699b106a) Importer(815301076,1909f56bfc062723c751e8b465ee728b)
Start importing Assets/Scripts/MonoSingleton.cs using Guid(4e198f0c0259d82448e1603d699b106a) Importer(815301076,1909f56bfc062723c751e8b465ee728b)  -> (artifact id: '90d404855918b35719af1d3419377ae9') in 0.002722 seconds
  Import took 0.004897 seconds .

========================================================================
Received Import Request.
  Time since last request: 7.051286 seconds.
  path: Assets/Scripts/MonsterCollection.cs
  artifactKey: Guid(c3c98a21c0f7eef48b05d9b7632a71c6) Importer(815301076,1909f56bfc062723c751e8b465ee728b)
Start importing Assets/Scripts/MonsterCollection.cs using Guid(c3c98a21c0f7eef48b05d9b7632a71c6) Importer(815301076,1909f56bfc062723c751e8b465ee728b)  -> (artifact id: 'ce6b143e1eda46e0208e284843684017') in 0.004137 seconds
  Import took 0.007273 seconds .

========================================================================
Received Prepare
Registering precompiled user dll's ...
Registered in 0.000845 seconds.
Begin MonoManager ReloadAssembly
Native extension for WindowsStandalone target not found
Native extension for WebGL target not found
Refreshing native plugins compatible for Editor in 0.29 ms, found 0 plugins.
Preloading 0 native plugins for Editor in 0.00 ms.
Invoked RoslynAnalysisRunner static constructor.
RoslynAnalysisRunner will not be running.
RoslynAnalysisRunner has terminated.
Mono: successfully reloaded assembly
- Completed reload, in  0.938 seconds
Platform modules already initialized, skipping
Refreshing native plugins compatible for Editor in 0.28 ms, found 0 plugins.
Preloading 0 native plugins for Editor in 0.00 ms.
Unloading 1449 Unused Serialized files (Serialized files now loaded: 0)
System memory in use before: 71.2 MB.
System memory in use after: 71.3 MB.

Unloading 5 unused Assets to reduce memory usage. Loaded Objects now: 1921.
Total: 2.210100 ms (FindLiveObjects: 0.238700 ms CreateObjectMapping: 0.092700 ms MarkObjects: 1.820600 ms  DeleteObjects: 0.056500 ms)

========================================================================
Received Prepare
Registering precompiled user dll's ...
Registered in 0.000929 seconds.
Begin MonoManager ReloadAssembly
Native extension for WindowsStandalone target not found
Native extension for WebGL target not found
Refreshing native plugins compatible for Editor in 0.28 ms, found 0 plugins.
Preloading 0 native plugins for Editor in 0.00 ms.
Invoked RoslynAnalysisRunner static constructor.
RoslynAnalysisRunner will not be running.
RoslynAnalysisRunner has terminated.
Mono: successfully reloaded assembly
- Completed reload, in  0.890 seconds
Platform modules already initialized, skipping
Refreshing native plugins compatible for Editor in 0.48 ms, found 0 plugins.
Preloading 0 native plugins for Editor in 0.00 ms.
Unloading 1449 Unused Serialized files (Serialized files now loaded: 0)
System memory in use before: 71.4 MB.
System memory in use after: 71.5 MB.

Unloading 5 unused Assets to reduce memory usage. Loaded Objects now: 1923.
Total: 3.063400 ms (FindLiveObjects: 0.203000 ms CreateObjectMapping: 0.055800 ms MarkObjects: 2.729200 ms  DeleteObjects: 0.073900 ms)

========================================================================
Received Import Request.
  Time since last request: 2661.851464 seconds.
  path: Assets/Scripts/MonsterCollection.cs
  artifactKey: Guid(c3c98a21c0f7eef48b05d9b7632a71c6) Importer(815301076,1909f56bfc062723c751e8b465ee728b)
Start importing Assets/Scripts/MonsterCollection.cs using Guid(c3c98a21c0f7eef48b05d9b7632a71c6) Importer(815301076,1909f56bfc062723c751e8b465ee728b)  -> (artifact id: 'c2756a10497f75aec0fe682db563c405') in 0.005262 seconds
  Import took 0.007624 seconds .

========================================================================
Received Import Request.
  Time since last request: 0.001393 seconds.
  path: Assets/Scripts/MonsterCollection.cs
  artifactKey: Guid(c3c98a21c0f7eef48b05d9b7632a71c6) Importer(815301076,1909f56bfc062723c751e8b465ee728b)
Start importing Assets/Scripts/MonsterCollection.cs using Guid(c3c98a21c0f7eef48b05d9b7632a71c6) Importer(815301076,1909f56bfc062723c751e8b465ee728b)  -> (artifact id: 'c2756a10497f75aec0fe682db563c405') in 0.002720 seconds
  Import took 0.004824 seconds .

========================================================================
Received Import Request.
  Time since last request: 7.122141 seconds.
  path: Assets/Scripts/MonsterController.cs
  artifactKey: Guid(1eb3399257d7af349820910484d2a776) Importer(815301076,1909f56bfc062723c751e8b465ee728b)
Start importing Assets/Scripts/MonsterController.cs using Guid(1eb3399257d7af349820910484d2a776) Importer(815301076,1909f56bfc062723c751e8b465ee728b)  -> (artifact id: 'ac200d392cea8bdf84f2a92938b2cc3d') in 0.003963 seconds
  Import took 0.008144 seconds .

========================================================================
Received Prepare
Registering precompiled user dll's ...
Registered in 0.000854 seconds.
Begin MonoManager ReloadAssembly
Native extension for WindowsStandalone target not found
Native extension for WebGL target not found
Refreshing native plugins compatible for Editor in 0.24 ms, found 0 plugins.
Preloading 0 native plugins for Editor in 0.00 ms.
Invoked RoslynAnalysisRunner static constructor.
RoslynAnalysisRunner will not be running.
RoslynAnalysisRunner has terminated.
Mono: successfully reloaded assembly
- Completed reload, in  0.908 seconds
Platform modules already initialized, skipping
Refreshing native plugins compatible for Editor in 0.25 ms, found 0 plugins.
Preloading 0 native plugins for Editor in 0.00 ms.
Unloading 1450 Unused Serialized files (Serialized files now loaded: 0)
System memory in use before: 71.5 MB.
System memory in use after: 71.6 MB.

Unloading 5 unused Assets to reduce memory usage. Loaded Objects now: 1926.
Total: 2.356100 ms (FindLiveObjects: 0.184900 ms CreateObjectMapping: 0.035700 ms MarkObjects: 2.072900 ms  DeleteObjects: 0.060200 ms)

========================================================================
Received Prepare
Registering precompiled user dll's ...
Registered in 0.000842 seconds.
Begin MonoManager ReloadAssembly
Native extension for WindowsStandalone target not found
Native extension for WebGL target not found
Refreshing native plugins compatible for Editor in 0.35 ms, found 0 plugins.
Preloading 0 native plugins for Editor in 0.00 ms.
Invoked RoslynAnalysisRunner static constructor.
RoslynAnalysisRunner will not be running.
RoslynAnalysisRunner has terminated.
Mono: successfully reloaded assembly
- Completed reload, in  0.927 seconds
Platform modules already initialized, skipping
Refreshing native plugins compatible for Editor in 0.22 ms, found 0 plugins.
Preloading 0 native plugins for Editor in 0.00 ms.
Unloading 1450 Unused Serialized files (Serialized files now loaded: 0)
System memory in use before: 70.8 MB.
System memory in use after: 70.9 MB.

Unloading 5 unused Assets to reduce memory usage. Loaded Objects now: 1928.
Total: 1.752600 ms (FindLiveObjects: 0.161200 ms CreateObjectMapping: 0.041300 ms MarkObjects: 1.501200 ms  DeleteObjects: 0.048100 ms)

========================================================================
Received Import Request.
  Time since last request: 1080.848024 seconds.
  path: Assets/Art/Sprites/Slime.png
  artifactKey: Guid(3d9a6c7d694570d4783e899587deb92a) Importer(815301076,1909f56bfc062723c751e8b465ee728b)
Start importing Assets/Art/Sprites/Slime.png using Guid(3d9a6c7d694570d4783e899587deb92a) Importer(815301076,1909f56bfc062723c751e8b465ee728b)  -> (artifact id: '5375cd07d94dbc89dc8e4da79dbecce2') in 0.132130 seconds
  Import took 0.135258 seconds .

========================================================================
Received Import Request.
  Time since last request: 16.068309 seconds.
  path: Assets/Prefabs/Slime.prefab
  artifactKey: Guid(e5a932124eb12bb4ba5739e5d2c3645a) Importer(815301076,1909f56bfc062723c751e8b465ee728b)
Start importing Assets/Prefabs/Slime.prefab using Guid(e5a932124eb12bb4ba5739e5d2c3645a) Importer(815301076,1909f56bfc062723c751e8b465ee728b)  -> (artifact id: 'a5d39eb09f772347c7177a5c6ddc7910') in 0.039390 seconds
  Import took 0.053847 seconds .

========================================================================
Received Import Request.
  Time since last request: 167.967261 seconds.
  path: Assets/ScriptableObjects/Monsters
  artifactKey: Guid(9801b09edd905fc42ad61a25ad3b5e57) Importer(815301076,1909f56bfc062723c751e8b465ee728b)
Start importing Assets/ScriptableObjects/Monsters using Guid(9801b09edd905fc42ad61a25ad3b5e57) Importer(815301076,1909f56bfc062723c751e8b465ee728b)  -> (artifact id: '90aa487bcc3ddd57883591beb61ad6ae') in 0.003866 seconds
  Import took 0.006290 seconds .

========================================================================
Received Import Request.
  Time since last request: 6.224499 seconds.
  path: Assets/ScriptableObjects/Monsters/New Monster Prototype.asset
  artifactKey: Guid(163ff97bd76f1d1489234de3f5ab926a) Importer(815301076,1909f56bfc062723c751e8b465ee728b)
Start importing Assets/ScriptableObjects/Monsters/New Monster Prototype.asset using Guid(163ff97bd76f1d1489234de3f5ab926a) Importer(815301076,1909f56bfc062723c751e8b465ee728b)  -> (artifact id: '5c4e480d31feba5fc47cea5cbf00d899') in 0.006357 seconds
  Import took 0.008865 seconds .

========================================================================
Received Import Request.
  Time since last request: 6.189771 seconds.
  path: Assets/ScriptableObjects/Monsters/MonsterCollection.asset
  artifactKey: Guid(fdf8a08f08cae5b4780c4ce980c1989d) Importer(815301076,1909f56bfc062723c751e8b465ee728b)
Start importing Assets/ScriptableObjects/Monsters/MonsterCollection.asset using Guid(fdf8a08f08cae5b4780c4ce980c1989d) Importer(815301076,1909f56bfc062723c751e8b465ee728b)  -> (artifact id: 'd6060c851c925fa24077e8b59166d7eb') in 0.003986 seconds
  Import took 0.006254 seconds .

========================================================================
Received Import Request.
  Time since last request: 3.688533 seconds.
  path: Assets/ScriptableObjects/Monsters/Slime.asset
  artifactKey: Guid(163ff97bd76f1d1489234de3f5ab926a) Importer(815301076,1909f56bfc062723c751e8b465ee728b)
Start importing Assets/ScriptableObjects/Monsters/Slime.asset using Guid(163ff97bd76f1d1489234de3f5ab926a) Importer(815301076,1909f56bfc062723c751e8b465ee728b)  -> (artifact id: 'e02ad9336cc6a739908a0126857b843e') in 0.003141 seconds
  Import took 0.005650 seconds .

========================================================================
Received Import Request.
  Time since last request: 21.261246 seconds.
  path: Assets/ScriptableObjects/Monsters/MonsterCollection.asset
  artifactKey: Guid(fdf8a08f08cae5b4780c4ce980c1989d) Importer(815301076,1909f56bfc062723c751e8b465ee728b)
Start importing Assets/ScriptableObjects/Monsters/MonsterCollection.asset using Guid(fdf8a08f08cae5b4780c4ce980c1989d) Importer(815301076,1909f56bfc062723c751e8b465ee728b)  -> (artifact id: '80036a8246623f85a96ce80770fb1908') in 0.005755 seconds
  Import took 0.008445 seconds .

========================================================================
Received Prepare
Registering precompiled user dll's ...
Registered in 0.000841 seconds.
Begin MonoManager ReloadAssembly
Native extension for WindowsStandalone target not found
Native extension for WebGL target not found
Refreshing native plugins compatible for Editor in 0.25 ms, found 0 plugins.
Preloading 0 native plugins for Editor in 0.00 ms.
Invoked RoslynAnalysisRunner static constructor.
RoslynAnalysisRunner will not be running.
RoslynAnalysisRunner has terminated.
Mono: successfully reloaded assembly
- Completed reload, in  0.893 seconds
Platform modules already initialized, skipping
Refreshing native plugins compatible for Editor in 0.23 ms, found 0 plugins.
Preloading 0 native plugins for Editor in 0.00 ms.
Unloading 1450 Unused Serialized files (Serialized files now loaded: 0)
System memory in use before: 74.1 MB.
System memory in use after: 74.2 MB.

Unloading 5 unused Assets to reduce memory usage. Loaded Objects now: 1938.
Total: 1.930000 ms (FindLiveObjects: 0.185000 ms CreateObjectMapping: 0.034200 ms MarkObjects: 1.651600 ms  DeleteObjects: 0.058200 ms)

========================================================================
Received Import Request.
  Time since last request: 255.111528 seconds.
  path: Assets/ScriptableObjects/Monsters/Slime.asset
  artifactKey: Guid(163ff97bd76f1d1489234de3f5ab926a) Importer(815301076,1909f56bfc062723c751e8b465ee728b)
Start importing Assets/ScriptableObjects/Monsters/Slime.asset using Guid(163ff97bd76f1d1489234de3f5ab926a) Importer(815301076,1909f56bfc062723c751e8b465ee728b)  -> (artifact id: 'ba47e45a687bc8621ab32199edf24220') in 0.016821 seconds
  Import took 0.019545 seconds .

========================================================================
Received Prepare
Registering precompiled user dll's ...
Registered in 0.000808 seconds.
Begin MonoManager ReloadAssembly
Native extension for WindowsStandalone target not found
Native extension for WebGL target not found
Refreshing native plugins compatible for Editor in 0.24 ms, found 0 plugins.
Preloading 0 native plugins for Editor in 0.00 ms.
Invoked RoslynAnalysisRunner static constructor.
RoslynAnalysisRunner will not be running.
RoslynAnalysisRunner has terminated.
Mono: successfully reloaded assembly
- Completed reload, in  1.025 seconds
Platform modules already initialized, skipping
Refreshing native plugins compatible for Editor in 0.26 ms, found 0 plugins.
Preloading 0 native plugins for Editor in 0.00 ms.
Unloading 1450 Unused Serialized files (Serialized files now loaded: 0)
System memory in use before: 74.2 MB.
System memory in use after: 74.3 MB.

Unloading 5 unused Assets to reduce memory usage. Loaded Objects now: 1940.
Total: 1.986700 ms (FindLiveObjects: 0.164200 ms CreateObjectMapping: 0.036300 ms MarkObjects: 1.728100 ms  DeleteObjects: 0.056700 ms)

========================================================================
Received Prepare
Registering precompiled user dll's ...
Registered in 0.000830 seconds.
Begin MonoManager ReloadAssembly
Native extension for WindowsStandalone target not found
Native extension for WebGL target not found
Refreshing native plugins compatible for Editor in 0.23 ms, found 0 plugins.
Preloading 0 native plugins for Editor in 0.00 ms.
Invoked RoslynAnalysisRunner static constructor.
RoslynAnalysisRunner will not be running.
RoslynAnalysisRunner has terminated.
Mono: successfully reloaded assembly
- Completed reload, in  0.937 seconds
Platform modules already initialized, skipping
Refreshing native plugins compatible for Editor in 0.24 ms, found 0 plugins.
Preloading 0 native plugins for Editor in 0.00 ms.
Unloading 1450 Unused Serialized files (Serialized files now loaded: 0)
System memory in use before: 74.4 MB.
System memory in use after: 74.5 MB.

Unloading 5 unused Assets to reduce memory usage. Loaded Objects now: 1942.
Total: 1.827500 ms (FindLiveObjects: 0.155400 ms CreateObjectMapping: 0.033300 ms MarkObjects: 1.589300 ms  DeleteObjects: 0.048700 ms)

========================================================================
Received Prepare
Registering precompiled user dll's ...
Registered in 0.000735 seconds.
Begin MonoManager ReloadAssembly
Native extension for WindowsStandalone target not found
Native extension for WebGL target not found
Refreshing native plugins compatible for Editor in 0.25 ms, found 0 plugins.
Preloading 0 native plugins for Editor in 0.00 ms.
Invoked RoslynAnalysisRunner static constructor.
RoslynAnalysisRunner will not be running.
RoslynAnalysisRunner has terminated.
Mono: successfully reloaded assembly
- Completed reload, in  0.962 seconds
Platform modules already initialized, skipping
Refreshing native plugins compatible for Editor in 0.24 ms, found 0 plugins.
Preloading 0 native plugins for Editor in 0.00 ms.
Unloading 1450 Unused Serialized files (Serialized files now loaded: 0)
System memory in use before: 74.6 MB.
System memory in use after: 74.7 MB.

Unloading 5 unused Assets to reduce memory usage. Loaded Objects now: 1944.
Total: 2.081700 ms (FindLiveObjects: 0.151800 ms CreateObjectMapping: 0.033000 ms MarkObjects: 1.841900 ms  DeleteObjects: 0.053600 ms)

========================================================================
Received Prepare
Registering precompiled user dll's ...
Registered in 0.000807 seconds.
Begin MonoManager ReloadAssembly
Native extension for WindowsStandalone target not found
Native extension for WebGL target not found
Refreshing native plugins compatible for Editor in 0.24 ms, found 0 plugins.
Preloading 0 native plugins for Editor in 0.00 ms.
Invoked RoslynAnalysisRunner static constructor.
RoslynAnalysisRunner will not be running.
RoslynAnalysisRunner has terminated.
Mono: successfully reloaded assembly
- Completed reload, in  0.904 seconds
Platform modules already initialized, skipping
Refreshing native plugins compatible for Editor in 0.37 ms, found 0 plugins.
Preloading 0 native plugins for Editor in 0.00 ms.
Unloading 1450 Unused Serialized files (Serialized files now loaded: 0)
System memory in use before: 74.6 MB.
System memory in use after: 74.7 MB.

Unloading 5 unused Assets to reduce memory usage. Loaded Objects now: 1946.
Total: 1.907900 ms (FindLiveObjects: 0.162400 ms CreateObjectMapping: 0.032800 ms MarkObjects: 1.663200 ms  DeleteObjects: 0.048600 ms)

========================================================================
Received Prepare
Registering precompiled user dll's ...
Registered in 0.000785 seconds.
Begin MonoManager ReloadAssembly
Native extension for WindowsStandalone target not found
Native extension for WebGL target not found
Refreshing native plugins compatible for Editor in 0.23 ms, found 0 plugins.
Preloading 0 native plugins for Editor in 0.00 ms.
Invoked RoslynAnalysisRunner static constructor.
RoslynAnalysisRunner will not be running.
RoslynAnalysisRunner has terminated.
Mono: successfully reloaded assembly
- Completed reload, in  0.880 seconds
Platform modules already initialized, skipping
Refreshing native plugins compatible for Editor in 0.23 ms, found 0 plugins.
Preloading 0 native plugins for Editor in 0.00 ms.
Unloading 1450 Unused Serialized files (Serialized files now loaded: 0)
System memory in use before: 73.9 MB.
System memory in use after: 74.0 MB.

Unloading 5 unused Assets to reduce memory usage. Loaded Objects now: 1948.
Total: 1.889100 ms (FindLiveObjects: 0.173000 ms CreateObjectMapping: 0.032100 ms MarkObjects: 1.632400 ms  DeleteObjects: 0.050100 ms)

========================================================================
Received Prepare
Registering precompiled user dll's ...
Registered in 0.000798 seconds.
Begin MonoManager ReloadAssembly
Native extension for WindowsStandalone target not found
Native extension for WebGL target not found
Refreshing native plugins compatible for Editor in 0.27 ms, found 0 plugins.
Preloading 0 native plugins for Editor in 0.00 ms.
Invoked RoslynAnalysisRunner static constructor.
RoslynAnalysisRunner will not be running.
RoslynAnalysisRunner has terminated.
Mono: successfully reloaded assembly
- Completed reload, in  0.947 seconds
Platform modules already initialized, skipping
Refreshing native plugins compatible for Editor in 0.30 ms, found 0 plugins.
Preloading 0 native plugins for Editor in 0.00 ms.
Unloading 1450 Unused Serialized files (Serialized files now loaded: 0)
System memory in use before: 74.1 MB.
System memory in use after: 74.2 MB.

Unloading 5 unused Assets to reduce memory usage. Loaded Objects now: 1950.
Total: 2.198100 ms (FindLiveObjects: 0.229800 ms CreateObjectMapping: 0.040000 ms MarkObjects: 1.869600 ms  DeleteObjects: 0.057600 ms)

========================================================================
Received Prepare
Registering precompiled user dll's ...
Registered in 0.000793 seconds.
Begin MonoManager ReloadAssembly
Native extension for WindowsStandalone target not found
Native extension for WebGL target not found
Refreshing native plugins compatible for Editor in 0.28 ms, found 0 plugins.
Preloading 0 native plugins for Editor in 0.00 ms.
Invoked RoslynAnalysisRunner static constructor.
RoslynAnalysisRunner will not be running.
RoslynAnalysisRunner has terminated.
Mono: successfully reloaded assembly
- Completed reload, in  0.936 seconds
Platform modules already initialized, skipping
Refreshing native plugins compatible for Editor in 0.24 ms, found 0 plugins.
Preloading 0 native plugins for Editor in 0.00 ms.
Unloading 1450 Unused Serialized files (Serialized files now loaded: 0)
System memory in use before: 74.3 MB.
System memory in use after: 74.4 MB.

Unloading 5 unused Assets to reduce memory usage. Loaded Objects now: 1952.
Total: 1.686900 ms (FindLiveObjects: 0.159800 ms CreateObjectMapping: 0.032600 ms MarkObjects: 1.449600 ms  DeleteObjects: 0.044000 ms)

========================================================================
Received Prepare
Registering precompiled user dll's ...
Registered in 0.000947 seconds.
Begin MonoManager ReloadAssembly
Native extension for WindowsStandalone target not found
Native extension for WebGL target not found
Refreshing native plugins compatible for Editor in 0.39 ms, found 0 plugins.
Preloading 0 native plugins for Editor in 0.00 ms.
Invoked RoslynAnalysisRunner static constructor.
RoslynAnalysisRunner will not be running.
RoslynAnalysisRunner has terminated.
Mono: successfully reloaded assembly
- Completed reload, in  1.054 seconds
Platform modules already initialized, skipping
Refreshing native plugins compatible for Editor in 0.23 ms, found 0 plugins.
Preloading 0 native plugins for Editor in 0.00 ms.
Unloading 1450 Unused Serialized files (Serialized files now loaded: 0)
System memory in use before: 74.4 MB.
System memory in use after: 74.5 MB.

Unloading 5 unused Assets to reduce memory usage. Loaded Objects now: 1954.
Total: 1.800700 ms (FindLiveObjects: 0.166300 ms CreateObjectMapping: 0.033500 ms MarkObjects: 1.553900 ms  DeleteObjects: 0.046100 ms)

========================================================================
Received Prepare
Registering precompiled user dll's ...
Registered in 0.000792 seconds.
Begin MonoManager ReloadAssembly
Native extension for WindowsStandalone target not found
Native extension for WebGL target not found
Refreshing native plugins compatible for Editor in 0.23 ms, found 0 plugins.
Preloading 0 native plugins for Editor in 0.00 ms.
Invoked RoslynAnalysisRunner static constructor.
RoslynAnalysisRunner will not be running.
RoslynAnalysisRunner has terminated.
Mono: successfully reloaded assembly
- Completed reload, in  0.868 seconds
Platform modules already initialized, skipping
Refreshing native plugins compatible for Editor in 0.22 ms, found 0 plugins.
Preloading 0 native plugins for Editor in 0.00 ms.
Unloading 1450 Unused Serialized files (Serialized files now loaded: 0)
System memory in use before: 74.6 MB.
System memory in use after: 74.7 MB.

Unloading 5 unused Assets to reduce memory usage. Loaded Objects now: 1956.
Total: 1.663300 ms (FindLiveObjects: 0.151500 ms CreateObjectMapping: 0.032700 ms MarkObjects: 1.433300 ms  DeleteObjects: 0.044900 ms)

========================================================================
Received Prepare
Registering precompiled user dll's ...
Registered in 0.000884 seconds.
Begin MonoManager ReloadAssembly
Native extension for WindowsStandalone target not found
Native extension for WebGL target not found
Refreshing native plugins compatible for Editor in 0.24 ms, found 0 plugins.
Preloading 0 native plugins for Editor in 0.00 ms.
Invoked RoslynAnalysisRunner static constructor.
RoslynAnalysisRunner will not be running.
RoslynAnalysisRunner has terminated.
Mono: successfully reloaded assembly
- Completed reload, in  0.929 seconds
Platform modules already initialized, skipping
Refreshing native plugins compatible for Editor in 0.24 ms, found 0 plugins.
Preloading 0 native plugins for Editor in 0.00 ms.
Unloading 1450 Unused Serialized files (Serialized files now loaded: 0)
System memory in use before: 74.7 MB.
System memory in use after: 74.8 MB.

Unloading 5 unused Assets to reduce memory usage. Loaded Objects now: 1958.
Total: 1.697300 ms (FindLiveObjects: 0.158900 ms CreateObjectMapping: 0.031900 ms MarkObjects: 1.458200 ms  DeleteObjects: 0.047300 ms)

========================================================================
Received Prepare
Registering precompiled user dll's ...
Registered in 0.000900 seconds.
Begin MonoManager ReloadAssembly
Native extension for WindowsStandalone target not found
Native extension for WebGL target not found
Refreshing native plugins compatible for Editor in 0.36 ms, found 0 plugins.
Preloading 0 native plugins for Editor in 0.00 ms.
Invoked RoslynAnalysisRunner static constructor.
RoslynAnalysisRunner will not be running.
RoslynAnalysisRunner has terminated.
Mono: successfully reloaded assembly
- Completed reload, in  1.095 seconds
Platform modules already initialized, skipping
Refreshing native plugins compatible for Editor in 0.23 ms, found 0 plugins.
Preloading 0 native plugins for Editor in 0.00 ms.
Unloading 1450 Unused Serialized files (Serialized files now loaded: 0)
System memory in use before: 74.0 MB.
System memory in use after: 74.0 MB.

Unloading 5 unused Assets to reduce memory usage. Loaded Objects now: 1960.
Total: 1.821100 ms (FindLiveObjects: 0.166000 ms CreateObjectMapping: 0.034700 ms MarkObjects: 1.554800 ms  DeleteObjects: 0.064600 ms)

========================================================================
Received Prepare
Registering precompiled user dll's ...
Registered in 0.000830 seconds.
Begin MonoManager ReloadAssembly
Native extension for WindowsStandalone target not found
Native extension for WebGL target not found
Refreshing native plugins compatible for Editor in 0.24 ms, found 0 plugins.
Preloading 0 native plugins for Editor in 0.00 ms.
Invoked RoslynAnalysisRunner static constructor.
RoslynAnalysisRunner will not be running.
RoslynAnalysisRunner has terminated.
Mono: successfully reloaded assembly
- Completed reload, in  0.903 seconds
Platform modules already initialized, skipping
Refreshing native plugins compatible for Editor in 0.23 ms, found 0 plugins.
Preloading 0 native plugins for Editor in 0.00 ms.
Unloading 1450 Unused Serialized files (Serialized files now loaded: 0)
System memory in use before: 74.1 MB.
System memory in use after: 74.2 MB.

Unloading 5 unused Assets to reduce memory usage. Loaded Objects now: 1962.
Total: 1.771900 ms (FindLiveObjects: 0.164000 ms CreateObjectMapping: 0.034700 ms MarkObjects: 1.522000 ms  DeleteObjects: 0.050300 ms)

========================================================================
Received Import Request.
  Time since last request: 32813.908989 seconds.
  path: Assets/Art/Sprites/Slime.png
  artifactKey: Guid(3d9a6c7d694570d4783e899587deb92a) Importer(815301076,1909f56bfc062723c751e8b465ee728b)
Start importing Assets/Art/Sprites/Slime.png using Guid(3d9a6c7d694570d4783e899587deb92a) Importer(815301076,1909f56bfc062723c751e8b465ee728b)  -> (artifact id: 'f88ea79a6ae28e3a0b97584c9e7c708d') in 0.062596 seconds
  Import took 0.065143 seconds .

========================================================================
Received Prepare
Registering precompiled user dll's ...
Registered in 0.000876 seconds.
Begin MonoManager ReloadAssembly
Native extension for WindowsStandalone target not found
Native extension for WebGL target not found
Refreshing native plugins compatible for Editor in 0.27 ms, found 0 plugins.
Preloading 0 native plugins for Editor in 0.00 ms.
Invoked RoslynAnalysisRunner static constructor.
RoslynAnalysisRunner will not be running.
RoslynAnalysisRunner has terminated.
Mono: successfully reloaded assembly
- Completed reload, in  0.982 seconds
Platform modules already initialized, skipping
Refreshing native plugins compatible for Editor in 0.25 ms, found 0 plugins.
Preloading 0 native plugins for Editor in 0.00 ms.
Unloading 1450 Unused Serialized files (Serialized files now loaded: 0)
System memory in use before: 74.3 MB.
System memory in use after: 74.4 MB.

Unloading 5 unused Assets to reduce memory usage. Loaded Objects now: 1965.
Total: 2.158600 ms (FindLiveObjects: 0.182500 ms CreateObjectMapping: 0.039400 ms MarkObjects: 1.877200 ms  DeleteObjects: 0.058400 ms)

========================================================================
Received Prepare
Registering precompiled user dll's ...
Registered in 0.000942 seconds.
Begin MonoManager ReloadAssembly
Native extension for WindowsStandalone target not found
Native extension for WebGL target not found
Refreshing native plugins compatible for Editor in 0.34 ms, found 0 plugins.
Preloading 0 native plugins for Editor in 0.00 ms.
Invoked RoslynAnalysisRunner static constructor.
RoslynAnalysisRunner will not be running.
RoslynAnalysisRunner has terminated.
Mono: successfully reloaded assembly
- Completed reload, in  1.079 seconds
Platform modules already initialized, skipping
Refreshing native plugins compatible for Editor in 0.24 ms, found 0 plugins.
Preloading 0 native plugins for Editor in 0.00 ms.
Unloading 1450 Unused Serialized files (Serialized files now loaded: 0)
System memory in use before: 74.5 MB.
System memory in use after: 74.6 MB.

Unloading 5 unused Assets to reduce memory usage. Loaded Objects now: 1967.
Total: 2.288500 ms (FindLiveObjects: 0.201700 ms CreateObjectMapping: 0.037700 ms MarkObjects: 1.966500 ms  DeleteObjects: 0.080500 ms)

========================================================================
Received Import Request.
  Time since last request: 65090.384667 seconds.
  path: Assets/Prefabs/Door.prefab
  artifactKey: Guid(c5eb4d1420a5fea41ad2bc1e8c916888) Importer(815301076,1909f56bfc062723c751e8b465ee728b)
Start importing Assets/Prefabs/Door.prefab using Guid(c5eb4d1420a5fea41ad2bc1e8c916888) Importer(815301076,1909f56bfc062723c751e8b465ee728b)  -> (artifact id: '5adec299bcc35c82d1fb32722c942132') in 0.082960 seconds
  Import took 0.085736 seconds .

========================================================================
Received Import Request.
  Time since last request: 0.000284 seconds.
  path: Assets/Prefabs/FloorDown.prefab
  artifactKey: Guid(b91d4198e688bc048a60b4f41a217ea6) Importer(815301076,1909f56bfc062723c751e8b465ee728b)
Start importing Assets/Prefabs/FloorDown.prefab using Guid(b91d4198e688bc048a60b4f41a217ea6) Importer(815301076,1909f56bfc062723c751e8b465ee728b)  -> (artifact id: '0786db9a13418853d58c0e4eb901de49') in 0.044430 seconds
  Import took 0.047116 seconds .

========================================================================
Received Import Request.
  Time since last request: 0.000269 seconds.
  path: Assets/Prefabs/Player.prefab
  artifactKey: Guid(e159655a6dfd4c94caaa0b5dd925b6ca) Importer(815301076,1909f56bfc062723c751e8b465ee728b)
Start importing Assets/Prefabs/Player.prefab using Guid(e159655a6dfd4c94caaa0b5dd925b6ca) Importer(815301076,1909f56bfc062723c751e8b465ee728b)  -> (artifact id: 'ca47cc953bb18f078f668f779838aa50') in 0.010416 seconds
  Import took 0.013188 seconds .

========================================================================
Received Import Request.
  Time since last request: 0.268425 seconds.
  path: Assets/Art/Materials/FloorDownMaterial.mat
  artifactKey: Guid(8564d78e7ee77464cb42c1448b7251cd) Importer(815301076,1909f56bfc062723c751e8b465ee728b)
Start importing Assets/Art/Materials/FloorDownMaterial.mat using Guid(8564d78e7ee77464cb42c1448b7251cd) Importer(815301076,1909f56bfc062723c751e8b465ee728b)  -> (artifact id: '8a619713597d15f1312a8685026abfc2') in 0.038978 seconds
  Import took 0.041682 seconds .

========================================================================
Received Import Request.
  Time since last request: 5.181190 seconds.
  path: Assets/ScriptableObjects/DefaultTileset.asset
  artifactKey: Guid(61017e49c2fc52f4e8a6b3f430ce7779) Importer(815301076,1909f56bfc062723c751e8b465ee728b)
Start importing Assets/ScriptableObjects/DefaultTileset.asset using Guid(61017e49c2fc52f4e8a6b3f430ce7779) Importer(815301076,1909f56bfc062723c751e8b465ee728b)  -> (artifact id: '7bec4e6ccdcba4320badba1d1ca058e1') in 0.008691 seconds
  Import took 0.011447 seconds .

========================================================================
Received Import Request.
  Time since last request: 0.000186 seconds.
  path: Assets/ScriptableObjects/FloorDown.asset
  artifactKey: Guid(bea8bc4bfc7e7eb42acbf929d93ab8b5) Importer(815301076,1909f56bfc062723c751e8b465ee728b)
Start importing Assets/ScriptableObjects/FloorDown.asset using Guid(bea8bc4bfc7e7eb42acbf929d93ab8b5) Importer(815301076,1909f56bfc062723c751e8b465ee728b)  -> (artifact id: '13c00eede76f8b549129f901ce3759db') in 0.004014 seconds
  Import took 0.006592 seconds .

========================================================================
Received Import Request.
  Time since last request: 0.000194 seconds.
  path: Assets/ScriptableObjects/Door.asset
  artifactKey: Guid(c44f7158015d9a749b902a25326e9d3d) Importer(815301076,1909f56bfc062723c751e8b465ee728b)
Start importing Assets/ScriptableObjects/Door.asset using Guid(c44f7158015d9a749b902a25326e9d3d) Importer(815301076,1909f56bfc062723c751e8b465ee728b)  -> (artifact id: 'abe6e0e6c39b85fe2a423f6b0766fcc5') in 0.003797 seconds
  Import took 0.006012 seconds .

========================================================================
Received Prepare
Registering precompiled user dll's ...
Registered in 0.001357 seconds.
Begin MonoManager ReloadAssembly
Native extension for WindowsStandalone target not found
Native extension for WebGL target not found
Refreshing native plugins compatible for Editor in 1.41 ms, found 0 plugins.
Preloading 0 native plugins for Editor in 0.00 ms.
Invoked RoslynAnalysisRunner static constructor.
RoslynAnalysisRunner will not be running.
RoslynAnalysisRunner has terminated.
Mono: successfully reloaded assembly
- Completed reload, in  2.370 seconds
Platform modules already initialized, skipping
Refreshing native plugins compatible for Editor in 0.47 ms, found 0 plugins.
Preloading 0 native plugins for Editor in 0.00 ms.
Unloading 1450 Unused Serialized files (Serialized files now loaded: 0)
System memory in use before: 74.9 MB.
System memory in use after: 75.0 MB.

Unloading 5 unused Assets to reduce memory usage. Loaded Objects now: 2003.
Total: 4.838300 ms (FindLiveObjects: 2.535400 ms CreateObjectMapping: 0.124500 ms MarkObjects: 2.119600 ms  DeleteObjects: 0.057000 ms)

========================================================================
Received Prepare
Registering precompiled user dll's ...
Registered in 0.000794 seconds.
Begin MonoManager ReloadAssembly
Native extension for WindowsStandalone target not found
Native extension for WebGL target not found
Refreshing native plugins compatible for Editor in 0.33 ms, found 0 plugins.
Preloading 0 native plugins for Editor in 0.00 ms.
Invoked RoslynAnalysisRunner static constructor.
RoslynAnalysisRunner will not be running.
RoslynAnalysisRunner has terminated.
Mono: successfully reloaded assembly
- Completed reload, in  0.926 seconds
Platform modules already initialized, skipping
Refreshing native plugins compatible for Editor in 0.28 ms, found 0 plugins.
Preloading 0 native plugins for Editor in 0.00 ms.
Unloading 1450 Unused Serialized files (Serialized files now loaded: 0)
System memory in use before: 74.9 MB.
System memory in use after: 75.0 MB.

Unloading 5 unused Assets to reduce memory usage. Loaded Objects now: 2005.
Total: 1.710700 ms (FindLiveObjects: 0.171900 ms CreateObjectMapping: 0.033800 ms MarkObjects: 1.456900 ms  DeleteObjects: 0.047500 ms)

========================================================================
Received Import Request.
  Time since last request: 2465.330074 seconds.
  path: Assets/Prefabs/Player.prefab
  artifactKey: Guid(e159655a6dfd4c94caaa0b5dd925b6ca) Importer(815301076,1909f56bfc062723c751e8b465ee728b)
Start importing Assets/Prefabs/Player.prefab using Guid(e159655a6dfd4c94caaa0b5dd925b6ca) Importer(815301076,1909f56bfc062723c751e8b465ee728b)  -> (artifact id: '02cde3c6e6770ef4374a6290938c4c8b') in 0.057098 seconds
  Import took 0.059712 seconds .

========================================================================
Received Prepare
Registering precompiled user dll's ...
Registered in 0.000790 seconds.
Begin MonoManager ReloadAssembly
Native extension for WindowsStandalone target not found
Native extension for WebGL target not found
Refreshing native plugins compatible for Editor in 0.24 ms, found 0 plugins.
Preloading 0 native plugins for Editor in 0.00 ms.
Invoked RoslynAnalysisRunner static constructor.
RoslynAnalysisRunner will not be running.
RoslynAnalysisRunner has terminated.
Mono: successfully reloaded assembly
- Completed reload, in  0.901 seconds
Platform modules already initialized, skipping
Refreshing native plugins compatible for Editor in 0.22 ms, found 0 plugins.
Preloading 0 native plugins for Editor in 0.00 ms.
Unloading 1450 Unused Serialized files (Serialized files now loaded: 0)
System memory in use before: 74.3 MB.
System memory in use after: 74.3 MB.

Unloading 5 unused Assets to reduce memory usage. Loaded Objects now: 2008.
Total: 1.842800 ms (FindLiveObjects: 0.167300 ms CreateObjectMapping: 0.033200 ms MarkObjects: 1.585400 ms  DeleteObjects: 0.056000 ms)

========================================================================
Received Import Request.
  Time since last request: 15.651682 seconds.
  path: Assets/Prefabs/Player.prefab
  artifactKey: Guid(e159655a6dfd4c94caaa0b5dd925b6ca) Importer(815301076,1909f56bfc062723c751e8b465ee728b)
Start importing Assets/Prefabs/Player.prefab using Guid(e159655a6dfd4c94caaa0b5dd925b6ca) Importer(815301076,1909f56bfc062723c751e8b465ee728b)  -> (artifact id: '29920d928d011a8934b188025d574df0') in 0.055216 seconds
  Import took 0.058482 seconds .

========================================================================
Received Prepare
Registering precompiled user dll's ...
Registered in 0.000834 seconds.
Begin MonoManager ReloadAssembly
Native extension for WindowsStandalone target not found
Native extension for WebGL target not found
Refreshing native plugins compatible for Editor in 0.29 ms, found 0 plugins.
Preloading 0 native plugins for Editor in 0.00 ms.
Invoked RoslynAnalysisRunner static constructor.
RoslynAnalysisRunner will not be running.
RoslynAnalysisRunner has terminated.
Mono: successfully reloaded assembly
- Completed reload, in  0.878 seconds
Platform modules already initialized, skipping
Refreshing native plugins compatible for Editor in 0.28 ms, found 0 plugins.
Preloading 0 native plugins for Editor in 0.00 ms.
Unloading 1450 Unused Serialized files (Serialized files now loaded: 0)
System memory in use before: 74.4 MB.
System memory in use after: 74.5 MB.

Unloading 5 unused Assets to reduce memory usage. Loaded Objects now: 2011.
Total: 1.832500 ms (FindLiveObjects: 0.152400 ms CreateObjectMapping: 0.032800 ms MarkObjects: 1.596000 ms  DeleteObjects: 0.050300 ms)

========================================================================
Received Prepare
Registering precompiled user dll's ...
Registered in 0.000801 seconds.
Begin MonoManager ReloadAssembly
Native extension for WindowsStandalone target not found
Native extension for WebGL target not found
Refreshing native plugins compatible for Editor in 0.25 ms, found 0 plugins.
Preloading 0 native plugins for Editor in 0.00 ms.
Invoked RoslynAnalysisRunner static constructor.
RoslynAnalysisRunner will not be running.
RoslynAnalysisRunner has terminated.
Mono: successfully reloaded assembly
- Completed reload, in  0.948 seconds
Platform modules already initialized, skipping
Refreshing native plugins compatible for Editor in 0.24 ms, found 0 plugins.
Preloading 0 native plugins for Editor in 0.00 ms.
Unloading 1450 Unused Serialized files (Serialized files now loaded: 0)
System memory in use before: 74.6 MB.
System memory in use after: 74.7 MB.

Unloading 5 unused Assets to reduce memory usage. Loaded Objects now: 2013.
Total: 2.515400 ms (FindLiveObjects: 0.232500 ms CreateObjectMapping: 0.035600 ms MarkObjects: 2.178400 ms  DeleteObjects: 0.066400 ms)

========================================================================
Received Prepare
Registering precompiled user dll's ...
Registered in 0.000823 seconds.
Begin MonoManager ReloadAssembly
Native extension for WindowsStandalone target not found
Native extension for WebGL target not found
Refreshing native plugins compatible for Editor in 0.24 ms, found 0 plugins.
Preloading 0 native plugins for Editor in 0.00 ms.
Invoked RoslynAnalysisRunner static constructor.
RoslynAnalysisRunner will not be running.
RoslynAnalysisRunner has terminated.
Mono: successfully reloaded assembly
- Completed reload, in  1.010 seconds
Platform modules already initialized, skipping
Refreshing native plugins compatible for Editor in 0.24 ms, found 0 plugins.
Preloading 0 native plugins for Editor in 0.00 ms.
Unloading 1450 Unused Serialized files (Serialized files now loaded: 0)
System memory in use before: 74.8 MB.
System memory in use after: 74.9 MB.

Unloading 5 unused Assets to reduce memory usage. Loaded Objects now: 2015.
Total: 1.998300 ms (FindLiveObjects: 0.189100 ms CreateObjectMapping: 0.033200 ms MarkObjects: 1.712700 ms  DeleteObjects: 0.061900 ms)

========================================================================
Received Prepare
Registering precompiled user dll's ...
Registered in 0.000766 seconds.
Begin MonoManager ReloadAssembly
Native extension for WindowsStandalone target not found
Native extension for WebGL target not found
Refreshing native plugins compatible for Editor in 0.27 ms, found 0 plugins.
Preloading 0 native plugins for Editor in 0.00 ms.
Invoked RoslynAnalysisRunner static constructor.
RoslynAnalysisRunner will not be running.
RoslynAnalysisRunner has terminated.
Mono: successfully reloaded assembly
- Completed reload, in  0.933 seconds
Platform modules already initialized, skipping
Refreshing native plugins compatible for Editor in 0.29 ms, found 0 plugins.
Preloading 0 native plugins for Editor in 0.00 ms.
Unloading 1450 Unused Serialized files (Serialized files now loaded: 0)
System memory in use before: 75.0 MB.
System memory in use after: 75.0 MB.

Unloading 5 unused Assets to reduce memory usage. Loaded Objects now: 2017.
Total: 1.784300 ms (FindLiveObjects: 0.171500 ms CreateObjectMapping: 0.034100 ms MarkObjects: 1.527500 ms  DeleteObjects: 0.050200 ms)

========================================================================
Received Prepare
Registering precompiled user dll's ...
Registered in 0.000786 seconds.
Begin MonoManager ReloadAssembly
Native extension for WindowsStandalone target not found
Native extension for WebGL target not found
Refreshing native plugins compatible for Editor in 0.22 ms, found 0 plugins.
Preloading 0 native plugins for Editor in 0.00 ms.
Invoked RoslynAnalysisRunner static constructor.
RoslynAnalysisRunner will not be running.
RoslynAnalysisRunner has terminated.
Mono: successfully reloaded assembly
- Completed reload, in  0.905 seconds
Platform modules already initialized, skipping
Refreshing native plugins compatible for Editor in 0.26 ms, found 0 plugins.
Preloading 0 native plugins for Editor in 0.00 ms.
Unloading 1450 Unused Serialized files (Serialized files now loaded: 0)
System memory in use before: 75.0 MB.
System memory in use after: 75.1 MB.

Unloading 5 unused Assets to reduce memory usage. Loaded Objects now: 2019.
Total: 1.887800 ms (FindLiveObjects: 0.172500 ms CreateObjectMapping: 0.036500 ms MarkObjects: 1.622500 ms  DeleteObjects: 0.055500 ms)

========================================================================
Received Prepare
Registering precompiled user dll's ...
Registered in 0.000840 seconds.
Begin MonoManager ReloadAssembly
Native extension for WindowsStandalone target not found
Native extension for WebGL target not found
Refreshing native plugins compatible for Editor in 0.23 ms, found 0 plugins.
Preloading 0 native plugins for Editor in 0.00 ms.
Invoked RoslynAnalysisRunner static constructor.
RoslynAnalysisRunner will not be running.
RoslynAnalysisRunner has terminated.
Mono: successfully reloaded assembly
- Completed reload, in  0.938 seconds
Platform modules already initialized, skipping
Refreshing native plugins compatible for Editor in 0.23 ms, found 0 plugins.
Preloading 0 native plugins for Editor in 0.00 ms.
Unloading 1450 Unused Serialized files (Serialized files now loaded: 0)
System memory in use before: 74.3 MB.
System memory in use after: 74.4 MB.

Unloading 5 unused Assets to reduce memory usage. Loaded Objects now: 2021.
Total: 2.322700 ms (FindLiveObjects: 0.410400 ms CreateObjectMapping: 0.038900 ms MarkObjects: 1.682600 ms  DeleteObjects: 0.189500 ms)

========================================================================
Received Prepare
Registering precompiled user dll's ...
Registered in 0.001642 seconds.
Begin MonoManager ReloadAssembly
Native extension for WindowsStandalone target not found
Native extension for WebGL target not found
Refreshing native plugins compatible for Editor in 0.63 ms, found 0 plugins.
Preloading 0 native plugins for Editor in 0.00 ms.
Invoked RoslynAnalysisRunner static constructor.
RoslynAnalysisRunner will not be running.
RoslynAnalysisRunner has terminated.
Mono: successfully reloaded assembly
- Completed reload, in  1.255 seconds
Platform modules already initialized, skipping
Refreshing native plugins compatible for Editor in 0.24 ms, found 0 plugins.
Preloading 0 native plugins for Editor in 0.00 ms.
Unloading 1450 Unused Serialized files (Serialized files now loaded: 0)
System memory in use before: 74.5 MB.
System memory in use after: 74.6 MB.

Unloading 5 unused Assets to reduce memory usage. Loaded Objects now: 2023.
Total: 2.300800 ms (FindLiveObjects: 0.271300 ms CreateObjectMapping: 0.045400 ms MarkObjects: 1.917600 ms  DeleteObjects: 0.065100 ms)

========================================================================
Received Prepare
Registering precompiled user dll's ...
Registered in 0.000840 seconds.
Begin MonoManager ReloadAssembly
Native extension for WindowsStandalone target not found
Native extension for WebGL target not found
Refreshing native plugins compatible for Editor in 0.47 ms, found 0 plugins.
Preloading 0 native plugins for Editor in 0.00 ms.
Invoked RoslynAnalysisRunner static constructor.
RoslynAnalysisRunner will not be running.
RoslynAnalysisRunner has terminated.
Mono: successfully reloaded assembly
- Completed reload, in  0.955 seconds
Platform modules already initialized, skipping
Refreshing native plugins compatible for Editor in 0.27 ms, found 0 plugins.
Preloading 0 native plugins for Editor in 0.00 ms.
Unloading 1450 Unused Serialized files (Serialized files now loaded: 0)
System memory in use before: 74.7 MB.
System memory in use after: 74.8 MB.

Unloading 5 unused Assets to reduce memory usage. Loaded Objects now: 2025.
Total: 1.898000 ms (FindLiveObjects: 0.165600 ms CreateObjectMapping: 0.033500 ms MarkObjects: 1.512500 ms  DeleteObjects: 0.185700 ms)

========================================================================
Received Prepare
Registering precompiled user dll's ...
Registered in 0.000869 seconds.
Begin MonoManager ReloadAssembly
Native extension for WindowsStandalone target not found
Native extension for WebGL target not found
Refreshing native plugins compatible for Editor in 0.36 ms, found 0 plugins.
Preloading 0 native plugins for Editor in 0.00 ms.
Invoked RoslynAnalysisRunner static constructor.
RoslynAnalysisRunner will not be running.
RoslynAnalysisRunner has terminated.
Mono: successfully reloaded assembly
- Completed reload, in  1.030 seconds
Platform modules already initialized, skipping
Refreshing native plugins compatible for Editor in 0.45 ms, found 0 plugins.
Preloading 0 native plugins for Editor in 0.00 ms.
Unloading 1450 Unused Serialized files (Serialized files now loaded: 0)
System memory in use before: 74.8 MB.
System memory in use after: 74.9 MB.

Unloading 5 unused Assets to reduce memory usage. Loaded Objects now: 2027.
Total: 2.521600 ms (FindLiveObjects: 0.185500 ms CreateObjectMapping: 0.035000 ms MarkObjects: 2.226500 ms  DeleteObjects: 0.073400 ms)

========================================================================
Received Prepare
Registering precompiled user dll's ...
Registered in 0.000781 seconds.
Begin MonoManager ReloadAssembly
Native extension for WindowsStandalone target not found
Native extension for WebGL target not found
Refreshing native plugins compatible for Editor in 0.24 ms, found 0 plugins.
Preloading 0 native plugins for Editor in 0.00 ms.
Invoked RoslynAnalysisRunner static constructor.
RoslynAnalysisRunner will not be running.
RoslynAnalysisRunner has terminated.
Mono: successfully reloaded assembly
- Completed reload, in  0.925 seconds
Platform modules already initialized, skipping
Refreshing native plugins compatible for Editor in 0.23 ms, found 0 plugins.
Preloading 0 native plugins for Editor in 0.00 ms.
Unloading 1450 Unused Serialized files (Serialized files now loaded: 0)
System memory in use before: 75.0 MB.
System memory in use after: 75.1 MB.

Unloading 5 unused Assets to reduce memory usage. Loaded Objects now: 2029.
Total: 1.730400 ms (FindLiveObjects: 0.158700 ms CreateObjectMapping: 0.034000 ms MarkObjects: 1.488200 ms  DeleteObjects: 0.047900 ms)

========================================================================
Received Import Request.
  Time since last request: 9959.415562 seconds.
  path: Assets/Prefabs/Player.prefab
  artifactKey: Guid(e159655a6dfd4c94caaa0b5dd925b6ca) Importer(815301076,1909f56bfc062723c751e8b465ee728b)
Start importing Assets/Prefabs/Player.prefab using Guid(e159655a6dfd4c94caaa0b5dd925b6ca) Importer(815301076,1909f56bfc062723c751e8b465ee728b)  -> (artifact id: 'b2b7a1fdd8394f4e74d6fb66d7b5b37e') in 0.070642 seconds
  Import took 0.137694 seconds .

========================================================================
Received Prepare
Registering precompiled user dll's ...
Registered in 0.001366 seconds.
Begin MonoManager ReloadAssembly
Native extension for WindowsStandalone target not found
Native extension for WebGL target not found
Refreshing native plugins compatible for Editor in 0.26 ms, found 0 plugins.
Preloading 0 native plugins for Editor in 0.00 ms.
Invoked RoslynAnalysisRunner static constructor.
RoslynAnalysisRunner will not be running.
RoslynAnalysisRunner has terminated.
Mono: successfully reloaded assembly
- Completed reload, in  0.958 seconds
Platform modules already initialized, skipping
Refreshing native plugins compatible for Editor in 0.24 ms, found 0 plugins.
Preloading 0 native plugins for Editor in 0.00 ms.
Unloading 1450 Unused Serialized files (Serialized files now loaded: 0)
System memory in use before: 75.1 MB.
System memory in use after: 75.1 MB.

Unloading 5 unused Assets to reduce memory usage. Loaded Objects now: 2032.
Total: 2.001400 ms (FindLiveObjects: 0.205700 ms CreateObjectMapping: 0.034200 ms MarkObjects: 1.696000 ms  DeleteObjects: 0.064600 ms)

========================================================================
Received Import Request.
  Time since last request: 69.798840 seconds.
  path: Assets/Prefabs/Slime.prefab
  artifactKey: Guid(e5a932124eb12bb4ba5739e5d2c3645a) Importer(815301076,1909f56bfc062723c751e8b465ee728b)
Start importing Assets/Prefabs/Slime.prefab using Guid(e5a932124eb12bb4ba5739e5d2c3645a) Importer(815301076,1909f56bfc062723c751e8b465ee728b)  -> (artifact id: '44cde7479399473eb4b1286a4230ae16') in 0.064510 seconds
  Import took 0.067856 seconds .

========================================================================
Received Import Request.
  Time since last request: 0.011000 seconds.
  path: Assets/Prefabs/Slime.prefab
  artifactKey: Guid(e5a932124eb12bb4ba5739e5d2c3645a) Importer(815301076,1909f56bfc062723c751e8b465ee728b)
Start importing Assets/Prefabs/Slime.prefab using Guid(e5a932124eb12bb4ba5739e5d2c3645a) Importer(815301076,1909f56bfc062723c751e8b465ee728b)  -> (artifact id: '44cde7479399473eb4b1286a4230ae16') in 0.009288 seconds
  Import took 0.012061 seconds .

========================================================================
Received Prepare
Registering precompiled user dll's ...
Registered in 0.000805 seconds.
Begin MonoManager ReloadAssembly
Native extension for WindowsStandalone target not found
Native extension for WebGL target not found
Refreshing native plugins compatible for Editor in 0.27 ms, found 0 plugins.
Preloading 0 native plugins for Editor in 0.00 ms.
Invoked RoslynAnalysisRunner static constructor.
RoslynAnalysisRunner will not be running.
RoslynAnalysisRunner has terminated.
Mono: successfully reloaded assembly
- Completed reload, in  0.906 seconds
Platform modules already initialized, skipping
Refreshing native plugins compatible for Editor in 0.24 ms, found 0 plugins.
Preloading 0 native plugins for Editor in 0.00 ms.
Unloading 1450 Unused Serialized files (Serialized files now loaded: 0)
System memory in use before: 74.4 MB.
System memory in use after: 74.5 MB.

Unloading 5 unused Assets to reduce memory usage. Loaded Objects now: 2035.
Total: 1.862700 ms (FindLiveObjects: 0.177700 ms CreateObjectMapping: 0.033400 ms MarkObjects: 1.588100 ms  DeleteObjects: 0.061900 ms)

========================================================================
Received Prepare
Registering precompiled user dll's ...
Registered in 0.000814 seconds.
Begin MonoManager ReloadAssembly
Native extension for WindowsStandalone target not found
Native extension for WebGL target not found
Refreshing native plugins compatible for Editor in 0.27 ms, found 0 plugins.
Preloading 0 native plugins for Editor in 0.00 ms.
Invoked RoslynAnalysisRunner static constructor.
RoslynAnalysisRunner will not be running.
RoslynAnalysisRunner has terminated.
Mono: successfully reloaded assembly
- Completed reload, in  1.007 seconds
Platform modules already initialized, skipping
Refreshing native plugins compatible for Editor in 0.45 ms, found 0 plugins.
Preloading 0 native plugins for Editor in 0.00 ms.
Unloading 1450 Unused Serialized files (Serialized files now loaded: 0)
System memory in use before: 74.5 MB.
System memory in use after: 74.6 MB.

Unloading 5 unused Assets to reduce memory usage. Loaded Objects now: 2037.
Total: 2.265400 ms (FindLiveObjects: 0.192900 ms CreateObjectMapping: 0.036200 ms MarkObjects: 1.977000 ms  DeleteObjects: 0.058100 ms)

========================================================================
Received Prepare
Registering precompiled user dll's ...
Registered in 0.000772 seconds.
Begin MonoManager ReloadAssembly
Native extension for WindowsStandalone target not found
Native extension for WebGL target not found
Refreshing native plugins compatible for Editor in 0.30 ms, found 0 plugins.
Preloading 0 native plugins for Editor in 0.00 ms.
Invoked RoslynAnalysisRunner static constructor.
RoslynAnalysisRunner will not be running.
RoslynAnalysisRunner has terminated.
Mono: successfully reloaded assembly
- Completed reload, in  0.963 seconds
Platform modules already initialized, skipping
Refreshing native plugins compatible for Editor in 0.30 ms, found 0 plugins.
Preloading 0 native plugins for Editor in 0.00 ms.
Unloading 1450 Unused Serialized files (Serialized files now loaded: 0)
System memory in use before: 74.7 MB.
System memory in use after: 74.8 MB.

Unloading 5 unused Assets to reduce memory usage. Loaded Objects now: 2039.
Total: 1.784900 ms (FindLiveObjects: 0.198000 ms CreateObjectMapping: 0.034700 ms MarkObjects: 1.500000 ms  DeleteObjects: 0.051300 ms)

========================================================================
Received Prepare
Registering precompiled user dll's ...
Registered in 0.000813 seconds.
Begin MonoManager ReloadAssembly
Native extension for WindowsStandalone target not found
Native extension for WebGL target not found
Refreshing native plugins compatible for Editor in 0.46 ms, found 0 plugins.
Preloading 0 native plugins for Editor in 0.00 ms.
Invoked RoslynAnalysisRunner static constructor.
RoslynAnalysisRunner will not be running.
RoslynAnalysisRunner has terminated.
Mono: successfully reloaded assembly
- Completed reload, in  0.922 seconds
Platform modules already initialized, skipping
Refreshing native plugins compatible for Editor in 0.24 ms, found 0 plugins.
Preloading 0 native plugins for Editor in 0.00 ms.
Unloading 1450 Unused Serialized files (Serialized files now loaded: 0)
System memory in use before: 74.9 MB.
System memory in use after: 75.0 MB.

Unloading 5 unused Assets to reduce memory usage. Loaded Objects now: 2041.
Total: 3.098800 ms (FindLiveObjects: 0.204700 ms CreateObjectMapping: 0.202000 ms MarkObjects: 2.599500 ms  DeleteObjects: 0.090900 ms)

========================================================================
Received Prepare
Registering precompiled user dll's ...
Registered in 0.000820 seconds.
Begin MonoManager ReloadAssembly
Native extension for WindowsStandalone target not found
Native extension for WebGL target not found
Refreshing native plugins compatible for Editor in 0.29 ms, found 0 plugins.
Preloading 0 native plugins for Editor in 0.00 ms.
Invoked RoslynAnalysisRunner static constructor.
RoslynAnalysisRunner will not be running.
RoslynAnalysisRunner has terminated.
Mono: successfully reloaded assembly
- Completed reload, in  1.030 seconds
Platform modules already initialized, skipping
Refreshing native plugins compatible for Editor in 0.26 ms, found 0 plugins.
Preloading 0 native plugins for Editor in 0.00 ms.
Unloading 1450 Unused Serialized files (Serialized files now loaded: 0)
System memory in use before: 75.1 MB.
System memory in use after: 75.2 MB.

Unloading 5 unused Assets to reduce memory usage. Loaded Objects now: 2043.
Total: 1.793500 ms (FindLiveObjects: 0.182100 ms CreateObjectMapping: 0.034000 ms MarkObjects: 1.525300 ms  DeleteObjects: 0.050900 ms)

========================================================================
Received Prepare
Registering precompiled user dll's ...
Registered in 0.000946 seconds.
Begin MonoManager ReloadAssembly
Native extension for WindowsStandalone target not found
Native extension for WebGL target not found
Refreshing native plugins compatible for Editor in 0.28 ms, found 0 plugins.
Preloading 0 native plugins for Editor in 0.00 ms.
Invoked RoslynAnalysisRunner static constructor.
RoslynAnalysisRunner will not be running.
RoslynAnalysisRunner has terminated.
Mono: successfully reloaded assembly
- Completed reload, in  0.961 seconds
Platform modules already initialized, skipping
Refreshing native plugins compatible for Editor in 0.27 ms, found 0 plugins.
Preloading 0 native plugins for Editor in 0.00 ms.
Unloading 1450 Unused Serialized files (Serialized files now loaded: 0)
System memory in use before: 75.1 MB.
System memory in use after: 75.2 MB.

Unloading 5 unused Assets to reduce memory usage. Loaded Objects now: 2045.
Total: 2.578100 ms (FindLiveObjects: 0.225900 ms CreateObjectMapping: 0.080500 ms MarkObjects: 2.200000 ms  DeleteObjects: 0.070500 ms)

